d:\desktop\fatec\2 semestre\programação avançada\atividades\medieval war defense\medieval war defense\medieval war defense\release\vc142.pdb
d:\desktop\fatec\2 semestre\programação avançada\atividades\medieval war defense\medieval war defense\medieval war defense\release\sound.obj
d:\desktop\fatec\2 semestre\programação avançada\atividades\medieval war defense\medieval war defense\medieval war defense\release\sorter.obj
d:\desktop\fatec\2 semestre\programação avançada\atividades\medieval war defense\medieval war defense\medieval war defense\release\shader.obj
d:\desktop\fatec\2 semestre\programação avançada\atividades\medieval war defense\medieval war defense\medieval war defense\release\selection.obj
d:\desktop\fatec\2 semestre\programação avançada\atividades\medieval war defense\medieval war defense\medieval war defense\release\sdlwindow.obj
d:\desktop\fatec\2 semestre\programação avançada\atividades\medieval war defense\medieval war defense\medieval war defense\release\projectileeffects.obj
d:\desktop\fatec\2 semestre\programação avançada\atividades\medieval war defense\medieval war defense\medieval war defense\release\poisoneffects.obj
d:\desktop\fatec\2 semestre\programação avançada\atividades\medieval war defense\medieval war defense\medieval war defense\release\player.obj
d:\desktop\fatec\2 semestre\programação avançada\atividades\medieval war defense\medieval war defense\medieval war defense\release\particleemitter.obj
d:\desktop\fatec\2 semestre\programação avançada\atividades\medieval war defense\medieval war defense\medieval war defense\release\particle.obj
d:\desktop\fatec\2 semestre\programação avançada\atividades\medieval war defense\medieval war defense\medieval war defense\release\object2d_static.obj
d:\desktop\fatec\2 semestre\programação avançada\atividades\medieval war defense\medieval war defense\medieval war defense\release\object2d_interface.obj
d:\desktop\fatec\2 semestre\programação avançada\atividades\medieval war defense\medieval war defense\medieval war defense\release\object2d_animated.obj
d:\desktop\fatec\2 semestre\programação avançada\atividades\medieval war defense\medieval war defense\medieval war defense\release\music.obj
d:\desktop\fatec\2 semestre\programação avançada\atividades\medieval war defense\medieval war defense\medieval war defense\release\mathutils.obj
d:\desktop\fatec\2 semestre\programação avançada\atividades\medieval war defense\medieval war defense\medieval war defense\release\lightsystem.obj
d:\desktop\fatec\2 semestre\programação avançada\atividades\medieval war defense\medieval war defense\medieval war defense\release\light.obj
d:\desktop\fatec\2 semestre\programação avançada\atividades\medieval war defense\medieval war defense\medieval war defense\release\graph.obj
d:\desktop\fatec\2 semestre\programação avançada\atividades\medieval war defense\medieval war defense\medieval war defense\release\gameobject.obj
d:\desktop\fatec\2 semestre\programação avançada\atividades\medieval war defense\medieval war defense\medieval war defense\release\fireeffects.obj
d:\desktop\fatec\2 semestre\programação avançada\atividades\medieval war defense\medieval war defense\medieval war defense\release\vertices.obj
d:\desktop\fatec\2 semestre\programação avançada\atividades\medieval war defense\medieval war defense\medieval war defense\release\transform.obj
d:\desktop\fatec\2 semestre\programação avançada\atividades\medieval war defense\medieval war defense\medieval war defense\release\timestep.obj
d:\desktop\fatec\2 semestre\programação avançada\atividades\medieval war defense\medieval war defense\medieval war defense\release\texture.obj
d:\desktop\fatec\2 semestre\programação avançada\atividades\medieval war defense\medieval war defense\medieval war defense\release\text.obj
d:\desktop\fatec\2 semestre\programação avançada\atividades\medieval war defense\medieval war defense\medieval war defense\release\stb_image.obj
d:\desktop\fatec\2 semestre\programação avançada\atividades\medieval war defense\medieval war defense\medieval war defense\release\source.obj
d:\desktop\fatec\2 semestre\programação avançada\atividades\medieval war defense\medieval war defense\medieval war defense\release\glad.obj
d:\desktop\fatec\2 semestre\programação avançada\atividades\medieval war defense\medieval war defense\medieval war defense\release\enemy.obj
d:\desktop\fatec\2 semestre\programação avançada\atividades\medieval war defense\medieval war defense\medieval war defense\release\skeleton.obj
d:\desktop\fatec\2 semestre\programação avançada\atividades\medieval war defense\medieval war defense\medieval war defense\release\ogre.obj
d:\desktop\fatec\2 semestre\programação avançada\atividades\medieval war defense\medieval war defense\medieval war defense\release\projectile.obj
d:\desktop\fatec\2 semestre\programação avançada\atividades\medieval war defense\medieval war defense\medieval war defense\release\tower.obj
d:\desktop\fatec\2 semestre\programação avançada\atividades\medieval war defense\medieval war defense\medieval war defense\release\range.obj
d:\desktop\fatec\2 semestre\programação avançada\atividades\medieval war defense\medieval war defense\medieval war defense\release\archertower.obj
d:\desktop\fatec\2 semestre\programação avançada\atividades\medieval war defense\medieval war defense\medieval war defense\release\mapobject.obj
d:\desktop\fatec\2 semestre\programação avançada\atividades\medieval war defense\medieval war defense\medieval war defense\release\map.obj
d:\desktop\fatec\2 semestre\programação avançada\atividades\medieval war defense\medieval war defense\medieval war defense\release\buildingarea.obj
d:\desktop\fatec\2 semestre\programação avançada\atividades\medieval war defense\medieval war defense\release\medieval war defense.exe
d:\desktop\fatec\2 semestre\programação avançada\atividades\medieval war defense\medieval war defense\release\medieval war defense.pdb
d:\desktop\fatec\2 semestre\programação avançada\atividades\medieval war defense\medieval war defense\release\medieval war defense.ipdb
d:\desktop\fatec\2 semestre\programação avançada\atividades\medieval war defense\medieval war defense\release\medieval war defense.iobj
d:\desktop\fatec\2 semestre\programação avançada\atividades\medieval war defense\medieval war defense\medieval war defense\release\medieval.5830b2e2.tlog\cl.command.1.tlog
d:\desktop\fatec\2 semestre\programação avançada\atividades\medieval war defense\medieval war defense\medieval war defense\release\medieval.5830b2e2.tlog\cl.read.1.tlog
d:\desktop\fatec\2 semestre\programação avançada\atividades\medieval war defense\medieval war defense\medieval war defense\release\medieval.5830b2e2.tlog\cl.write.1.tlog
d:\desktop\fatec\2 semestre\programação avançada\atividades\medieval war defense\medieval war defense\medieval war defense\release\medieval.5830b2e2.tlog\link.command.1.tlog
d:\desktop\fatec\2 semestre\programação avançada\atividades\medieval war defense\medieval war defense\medieval war defense\release\medieval.5830b2e2.tlog\link.read.1.tlog
d:\desktop\fatec\2 semestre\programação avançada\atividades\medieval war defense\medieval war defense\medieval war defense\release\medieval.5830b2e2.tlog\link.write.1.tlog
d:\desktop\fatec\2 semestre\programação avançada\atividades\medieval war defense\medieval war defense\medieval war defense\release\medieval.5830b2e2.tlog\medieval war defense.write.1u.tlog
